1497719958905	geckodriver	INFO	Listening on 127.0.0.1:58969
1497719959168	geckodriver::marionette	INFO	Starting browser /usr/bin/firefox with args ["-marionette"]
1497719965340	Marionette	INFO	Listening on port 38123
1497719965888	Marionette	WARN	TLS certificate errors will be ignored for this session
JavaScript error: https://accounts.google.com/SignUp?service=mail&continue=https://mail.google.com/mail/?pc=topnav-about-en, line 5948: TypeError: message is null
1497719996489	Marionette	INFO	Ceased listening
1497720046607	geckodriver	INFO	Listening on 127.0.0.1:52590
1497720046885	geckodriver::marionette	INFO	Starting browser /usr/bin/firefox with args ["-marionette"]
1497720053912	Marionette	INFO	Listening on port 38678
1497720054398	Marionette	WARN	TLS certificate errors will be ignored for this session
JavaScript error: https://accounts.google.com/SignUp?service=mail&continue=https://mail.google.com/mail/?pc=topnav-about-en, line 5948: TypeError: message is null
1497720124636	geckodriver	INFO	Listening on 127.0.0.1:48269
1497720124978	geckodriver::marionette	INFO	Starting browser /usr/bin/firefox with args ["-marionette"]
1497720130782	Marionette	INFO	Listening on port 41067
1497720131344	Marionette	WARN	TLS certificate errors will be ignored for this session
JavaScript error: https://accounts.google.com/SignUp?service=mail&continue=https://mail.google.com/mail/?pc=topnav-about-en, line 5948: TypeError: message is null
1497720195384	Marionette	INFO	Ceased listening
1497720203006	geckodriver	INFO	Listening on 127.0.0.1:35442
1497720204278	geckodriver::marionette	INFO	Starting browser /usr/bin/firefox with args ["-marionette"]
1497720210366	Marionette	INFO	Listening on port 34253
1497720210815	Marionette	WARN	TLS certificate errors will be ignored for this session
JavaScript error: https://accounts.google.com/SignUp?service=mail&continue=https://mail.google.com/mail/?pc=topnav-about-en, line 5948: TypeError: message is null
1497720493861	geckodriver	INFO	Listening on 127.0.0.1:60397
1497720494134	geckodriver::marionette	INFO	Starting browser /usr/bin/firefox with args ["-marionette"]
1497720500400	Marionette	INFO	Listening on port 37288
1497720500892	Marionette	WARN	TLS certificate errors will be ignored for this session
JavaScript error: https://accounts.google.com/SignUp?service=mail&continue=https://mail.google.com/mail/?pc=topnav-about-en, line 5948: TypeError: message is null
1497720528012	geckodriver	INFO	Listening on 127.0.0.1:49620
1497720529280	geckodriver::marionette	INFO	Starting browser /usr/bin/firefox with args ["-marionette"]
1497720535329	Marionette	INFO	Listening on port 36044
1497720535858	Marionette	WARN	TLS certificate errors will be ignored for this session
JavaScript error: https://accounts.google.com/SignUp?service=mail&continue=https://mail.google.com/mail/?pc=topnav-about-en, line 5948: TypeError: message is null
1497720571955	Marionette	INFO	Ceased listening
1497720574643	Marionette	INFO	Ceased listening
1497720578353	Marionette	INFO	Ceased listening
1497720585271	geckodriver	INFO	Listening on 127.0.0.1:37888
1497720585566	geckodriver::marionette	INFO	Starting browser /usr/bin/firefox with args ["-marionette"]
1497720591492	Marionette	INFO	Listening on port 32870
1497720591983	Marionette	WARN	TLS certificate errors will be ignored for this session
JavaScript error: https://accounts.google.com/SignUp?service=mail&continue=https://mail.google.com/mail/?pc=topnav-about-en, line 5948: TypeError: message is null
1497720610275	geckodriver	INFO	Listening on 127.0.0.1:34904
1497720611564	geckodriver::marionette	INFO	Starting browser /usr/bin/firefox with args ["-marionette"]
1497720617702	Marionette	INFO	Listening on port 42661
1497720618163	Marionette	WARN	TLS certificate errors will be ignored for this session
JavaScript error: https://accounts.google.com/SignUp?service=mail&continue=https://mail.google.com/mail/?pc=topnav-about-en, line 5948: TypeError: message is null
*************************
A coding exception was thrown and uncaught in a Task.

Full message: TypeError: NetworkError when attempting to fetch resource.
Full stack: 
*************************
*************************
A coding exception was thrown and uncaught in a Task.

Full message: TypeError: NetworkError when attempting to fetch resource.
Full stack: 
*************************
1497732247428	Marionette	INFO	Ceased listening
1497732250020	Marionette	INFO	Ceased listening
1497733913793	geckodriver	INFO	Listening on 127.0.0.1:51574
1497733914091	geckodriver::marionette	INFO	Starting browser /usr/bin/firefox with args ["-marionette"]
1497733921826	Marionette	INFO	Listening on port 42381
1497733922088	Marionette	WARN	TLS certificate errors will be ignored for this session
ATTENTION: default value of option force_s3tc_enable overridden by environment.
1497734193535	geckodriver	INFO	Listening on 127.0.0.1:43207
1497734193786	geckodriver::marionette	INFO	Starting browser /usr/bin/firefox with args ["-marionette"]
1497734199690	Marionette	INFO	Listening on port 36521
1497734200246	Marionette	WARN	TLS certificate errors will be ignored for this session
ATTENTION: default value of option force_s3tc_enable overridden by environment.
1497734238695	geckodriver	INFO	Listening on 127.0.0.1:40304
1497734238946	geckodriver::marionette	INFO	Starting browser /usr/bin/firefox with args ["-marionette"]
1497734244917	Marionette	INFO	Listening on port 46818
1497734245566	Marionette	WARN	TLS certificate errors will be ignored for this session
ATTENTION: default value of option force_s3tc_enable overridden by environment.
1497734331876	geckodriver	INFO	Listening on 127.0.0.1:52737
1497734332130	geckodriver::marionette	INFO	Starting browser /usr/bin/firefox with args ["-marionette"]
1497734338336	Marionette	INFO	Listening on port 44226
1497734338443	Marionette	WARN	TLS certificate errors will be ignored for this session
ATTENTION: default value of option force_s3tc_enable overridden by environment.
*************************
A coding exception was thrown and uncaught in a Task.

Full message: TypeError: NetworkError when attempting to fetch resource.
Full stack: 
*************************
1497734881208	geckodriver	INFO	Listening on 127.0.0.1:59745
1497734881460	geckodriver::marionette	INFO	Starting browser /usr/bin/firefox with args ["-marionette"]
1497734887562	Marionette	INFO	Listening on port 38303
1497734888108	Marionette	WARN	TLS certificate errors will be ignored for this session
ATTENTION: default value of option force_s3tc_enable overridden by environment.
*************************
A coding exception was thrown and uncaught in a Task.

Full message: TypeError: NetworkError when attempting to fetch resource.
Full stack: 
*************************
1497735544329	geckodriver	INFO	Listening on 127.0.0.1:37906
1497735544587	geckodriver::marionette	INFO	Starting browser /usr/bin/firefox with args ["-marionette"]
1497735550500	Marionette	INFO	Listening on port 37039
1497735551059	Marionette	WARN	TLS certificate errors will be ignored for this session
ATTENTION: default value of option force_s3tc_enable overridden by environment.
1497735581249	geckodriver	INFO	Listening on 127.0.0.1:39783
1497735581511	geckodriver::marionette	INFO	Starting browser /usr/bin/firefox with args ["-marionette"]
1497735587359	Marionette	INFO	Listening on port 35511
1497735587879	Marionette	WARN	TLS certificate errors will be ignored for this session
ATTENTION: default value of option force_s3tc_enable overridden by environment.
1497735609438	geckodriver	INFO	Listening on 127.0.0.1:33457
1497735610719	geckodriver::marionette	INFO	Starting browser /usr/bin/firefox with args ["-marionette"]
1497735616584	Marionette	INFO	Listening on port 41003
1497735617034	Marionette	WARN	TLS certificate errors will be ignored for this session
ATTENTION: default value of option force_s3tc_enable overridden by environment.
*************************
A coding exception was thrown and uncaught in a Task.

Full message: TypeError: NetworkError when attempting to fetch resource.
Full stack: 
*************************
1497736317953	Marionette	INFO	Ceased listening
1497736322463	geckodriver	INFO	Listening on 127.0.0.1:48108
1497736322729	geckodriver::marionette	INFO	Starting browser /usr/bin/firefox with args ["-marionette"]
1497736328897	Marionette	INFO	Listening on port 34606
1497736329362	Marionette	WARN	TLS certificate errors will be ignored for this session
ATTENTION: default value of option force_s3tc_enable overridden by environment.
*************************
A coding exception was thrown and uncaught in a Task.

Full message: TypeError: NetworkError when attempting to fetch resource.
Full stack: 
*************************
1497737524558	geckodriver	INFO	Listening on 127.0.0.1:36481
1497737524811	geckodriver::marionette	INFO	Starting browser /usr/bin/firefox with args ["-marionette"]
1497737530519	Marionette	INFO	Listening on port 35675
1497737531224	Marionette	WARN	TLS certificate errors will be ignored for this session
ATTENTION: default value of option force_s3tc_enable overridden by environment.
1497737582593	geckodriver	INFO	Listening on 127.0.0.1:56373
1497737582841	geckodriver::marionette	INFO	Starting browser /usr/bin/firefox with args ["-marionette"]
1497737588961	Marionette	INFO	Listening on port 41670
1497737589523	Marionette	WARN	TLS certificate errors will be ignored for this session
ATTENTION: default value of option force_s3tc_enable overridden by environment.
1497737648015	geckodriver	INFO	Listening on 127.0.0.1:51498
1497737648282	geckodriver::marionette	INFO	Starting browser /usr/bin/firefox with args ["-marionette"]
1497737654591	Marionette	INFO	Listening on port 33875
1497737655100	Marionette	WARN	TLS certificate errors will be ignored for this session
ATTENTION: default value of option force_s3tc_enable overridden by environment.
*************************
A coding exception was thrown and uncaught in a Task.

Full message: TypeError: NetworkError when attempting to fetch resource.
Full stack: 
*************************
1497738500330	geckodriver	INFO	Listening on 127.0.0.1:39706
1497738500583	geckodriver::marionette	INFO	Starting browser /usr/bin/firefox with args ["-marionette"]
1497738507078	Marionette	INFO	Listening on port 39617
1497738507572	Marionette	WARN	TLS certificate errors will be ignored for this session
ATTENTION: default value of option force_s3tc_enable overridden by environment.
1497738542155	geckodriver	INFO	Listening on 127.0.0.1:54670
1497738542413	geckodriver::marionette	INFO	Starting browser /usr/bin/firefox with args ["-marionette"]
1497738549245	Marionette	INFO	Listening on port 38253
1497738549453	Marionette	WARN	TLS certificate errors will be ignored for this session
ATTENTION: default value of option force_s3tc_enable overridden by environment.
1497738578618	geckodriver	INFO	Listening on 127.0.0.1:56429
1497738578864	geckodriver::marionette	INFO	Starting browser /usr/bin/firefox with args ["-marionette"]
1497738584978	Marionette	INFO	Listening on port 46643
1497738585819	Marionette	WARN	TLS certificate errors will be ignored for this session
ATTENTION: default value of option force_s3tc_enable overridden by environment.
1497738703137	geckodriver	INFO	Listening on 127.0.0.1:32886
1497738703387	geckodriver::marionette	INFO	Starting browser /usr/bin/firefox with args ["-marionette"]
1497738709400	Marionette	INFO	Listening on port 37261
1497738709940	Marionette	WARN	TLS certificate errors will be ignored for this session
ATTENTION: default value of option force_s3tc_enable overridden by environment.
1497738918845	geckodriver	INFO	Listening on 127.0.0.1:45832
1497738919122	geckodriver::marionette	INFO	Starting browser /usr/bin/firefox with args ["-marionette"]
1497738925142	Marionette	INFO	Listening on port 44489
1497738925673	Marionette	WARN	TLS certificate errors will be ignored for this session
ATTENTION: default value of option force_s3tc_enable overridden by environment.
1497738990991	geckodriver	INFO	Listening on 127.0.0.1:38638
1497738991282	geckodriver::marionette	INFO	Starting browser /usr/bin/firefox with args ["-marionette"]
1497738997077	Marionette	INFO	Listening on port 39517
1497738997523	Marionette	WARN	TLS certificate errors will be ignored for this session
ATTENTION: default value of option force_s3tc_enable overridden by environment.
1497739014068	Marionette	INFO	Ceased listening
1497739085222	geckodriver	INFO	Listening on 127.0.0.1:33661
1497739085498	geckodriver::marionette	INFO	Starting browser /usr/bin/firefox with args ["-marionette"]
1497739091283	Marionette	INFO	Listening on port 40915
1497739091808	Marionette	WARN	TLS certificate errors will be ignored for this session
ATTENTION: default value of option force_s3tc_enable overridden by environment.
JavaScript warning: http://ajax.googleapis.com/ajax/libs/jquery/2.0.2/jquery.min.js, line 1: Using //@ to indicate sourceMappingURL pragmas is deprecated. Use //# instead
1497739270838	geckodriver	INFO	Listening on 127.0.0.1:45227
1497739271120	geckodriver::marionette	INFO	Starting browser /usr/bin/firefox with args ["-marionette"]
1497739276813	Marionette	INFO	Listening on port 44603
1497739277287	Marionette	WARN	TLS certificate errors will be ignored for this session
ATTENTION: default value of option force_s3tc_enable overridden by environment.
1497739448575	geckodriver	INFO	Listening on 127.0.0.1:45441
1497739448875	geckodriver::marionette	INFO	Starting browser /usr/bin/firefox with args ["-marionette"]
1497739454601	Marionette	INFO	Listening on port 46625
1497739455064	Marionette	WARN	TLS certificate errors will be ignored for this session
ATTENTION: default value of option force_s3tc_enable overridden by environment.
1497739492515	geckodriver	INFO	Listening on 127.0.0.1:34985
1497739492766	geckodriver::marionette	INFO	Starting browser /usr/bin/firefox with args ["-marionette"]
1497739498642	Marionette	INFO	Listening on port 44143
1497739499238	Marionette	WARN	TLS certificate errors will be ignored for this session
JavaScript error: https://accounts.google.com/SignUp?service=mail&continue=https://mail.google.com/mail/?pc=topnav-about-en, line 5948: TypeError: message is null
1497739515753	geckodriver	INFO	Listening on 127.0.0.1:41327
1497739517058	geckodriver::marionette	INFO	Starting browser /usr/bin/firefox with args ["-marionette"]
1497739522697	Marionette	INFO	Listening on port 39561
1497739523189	Marionette	WARN	TLS certificate errors will be ignored for this session
JavaScript error: https://accounts.google.com/SignUp?service=mail&continue=https://mail.google.com/mail/?pc=topnav-about-en, line 5948: TypeError: message is null
*************************
A coding exception was thrown and uncaught in a Task.

Full message: TypeError: NetworkError when attempting to fetch resource.
Full stack: 
*************************
*************************
A coding exception was thrown and uncaught in a Task.

Full message: TypeError: NetworkError when attempting to fetch resource.
Full stack: 
*************************
1497741040613	Marionette	INFO	Ceased listening
1497741043235	Marionette	INFO	Ceased listening
1497773427431	geckodriver	INFO	Listening on 127.0.0.1:52915
1497773427689	geckodriver::marionette	INFO	Starting browser /usr/bin/firefox with args ["-marionette"]
1497773433985	Marionette	INFO	Listening on port 39503
1497773434680	Marionette	WARN	TLS certificate errors will be ignored for this session
ATTENTION: default value of option force_s3tc_enable overridden by environment.
1497773438189	geckodriver	INFO	Listening on 127.0.0.1:57239
1497773439465	geckodriver::marionette	INFO	Starting browser /usr/bin/firefox with args ["-marionette"]
1497773445388	Marionette	INFO	Listening on port 41541
1497773445890	Marionette	WARN	TLS certificate errors will be ignored for this session
ATTENTION: default value of option force_s3tc_enable overridden by environment.
1497773472703	Marionette	INFO	Ceased listening
1497773517539	Marionette	INFO	Ceased listening
1497773519337	geckodriver	INFO	Listening on 127.0.0.1:57318
1497773519584	geckodriver::marionette	INFO	Starting browser /usr/bin/firefox with args ["-marionette"]
1497773525753	Marionette	INFO	Listening on port 36266
1497773526185	Marionette	WARN	TLS certificate errors will be ignored for this session
ATTENTION: default value of option force_s3tc_enable overridden by environment.
1497773870933	geckodriver	INFO	Listening on 127.0.0.1:52613
1497773871184	geckodriver::marionette	INFO	Starting browser /usr/bin/firefox with args ["-marionette"]
1497773877184	Marionette	INFO	Listening on port 36478
1497773877863	Marionette	WARN	TLS certificate errors will be ignored for this session
ATTENTION: default value of option force_s3tc_enable overridden by environment.
1497774382643	geckodriver	INFO	Listening on 127.0.0.1:54356
1497774382893	geckodriver::marionette	INFO	Starting browser /usr/bin/firefox with args ["-marionette"]
1497774389070	Marionette	INFO	Listening on port 37685
1497774389761	Marionette	WARN	TLS certificate errors will be ignored for this session
ATTENTION: default value of option force_s3tc_enable overridden by environment.
1497774508671	geckodriver	INFO	Listening on 127.0.0.1:46887
1497774509935	geckodriver::marionette	INFO	Starting browser /usr/bin/firefox with args ["-marionette"]
1497774516459	geckodriver	INFO	Listening on 127.0.0.1:58900
1497774516705	geckodriver::marionette	INFO	Starting browser /usr/bin/firefox with args ["-marionette"]
1497774523102	Marionette	INFO	Listening on port 42545
1497774523696	Marionette	WARN	TLS certificate errors will be ignored for this session
ATTENTION: default value of option force_s3tc_enable overridden by environment.
1497774584735	geckodriver	INFO	Listening on 127.0.0.1:45201
1497774586098	geckodriver::marionette	INFO	Starting browser /usr/bin/firefox with args ["-marionette"]
1497774592819	Marionette	INFO	Listening on port 34665
1497774593324	Marionette	WARN	TLS certificate errors will be ignored for this session
ATTENTION: default value of option force_s3tc_enable overridden by environment.
*************************
A coding exception was thrown and uncaught in a Task.

Full message: TypeError: NetworkError when attempting to fetch resource.
Full stack: 
*************************
*************************
A coding exception was thrown and uncaught in a Task.

Full message: TypeError: NetworkError when attempting to fetch resource.
Full stack: 
*************************
1497775199737	geckodriver	INFO	Listening on 127.0.0.1:43464
1497775200045	geckodriver::marionette	INFO	Starting browser /usr/bin/firefox with args ["-marionette"]
1497775206941	Marionette	INFO	Listening on port 44526
1497775207138	Marionette	WARN	TLS certificate errors will be ignored for this session
ATTENTION: default value of option force_s3tc_enable overridden by environment.
1497775264480	Marionette	INFO	Ceased listening
1497775300697	geckodriver	INFO	Listening on 127.0.0.1:54379
1497775300955	geckodriver::marionette	INFO	Starting browser /usr/bin/firefox with args ["-marionette"]
1497775306919	Marionette	INFO	Listening on port 38557
1497775307431	Marionette	WARN	TLS certificate errors will be ignored for this session
ATTENTION: default value of option force_s3tc_enable overridden by environment.
1497775551167	geckodriver	INFO	Listening on 127.0.0.1:36711
1497775551440	geckodriver::marionette	INFO	Starting browser /usr/bin/firefox with args ["-marionette"]
1497775557483	Marionette	INFO	Listening on port 38346
1497775558042	Marionette	WARN	TLS certificate errors will be ignored for this session
ATTENTION: default value of option force_s3tc_enable overridden by environment.
TabSources.prototype._fetchSourceMap threw an exception: SyntaxError: JSON.parse: unexpected character at line 1 column 1 of the JSON data
Stack: SourceMapConsumer@resource://gre/modules/commonjs/toolkit/loader.js -> resource://devtools/shared/sourcemap/source-map.js:1281:20
_fetchSourceMap/fetching<@resource://gre/modules/commonjs/toolkit/loader.js -> resource://devtools/server/actors/utils/TabSources.js:458:19
process@resource://gre/modules/Promise.jsm -> resource://gre/modules/Promise-backend.js:922:23
walkerLoop@resource://gre/modules/Promise.jsm -> resource://gre/modules/Promise-backend.js:806:7
scheduleWalkerLoop/<@resource://gre/modules/Promise.jsm -> resource://gre/modules/Promise-backend.js:742:11
Line: 1281, column: 20
console.error: 
  TabSources.prototype._fetchSourceMap threw an exception: SyntaxError: JSON.parse: unexpected character at line 1 column 1 of the JSON data
Stack: SourceMapConsumer@resource://gre/modules/commonjs/toolkit/loader.js -> resource://devtools/shared/sourcemap/source-map.js:1281:20
_fetchSourceMap/fetching<@resource://gre/modules/commonjs/toolkit/loader.js -> resource://devtools/server/actors/utils/TabSources.js:458:19
process@resource://gre/modules/Promise.jsm -> resource://gre/modules/Promise-backend.js:922:23
walkerLoop@resource://gre/modules/Promise.jsm -> resource://gre/modules/Promise-backend.js:806:7
scheduleWalkerLoop/<@resource://gre/modules/Promise.jsm -> resource://gre/modules/Promise-backend.js:742:11
Line: 1281, column: 20
TabSources.prototype._fetchSourceMap threw an exception: SyntaxError: JSON.parse: unexpected character at line 1 column 1 of the JSON data
Stack: SourceMapConsumer@resource://gre/modules/commonjs/toolkit/loader.js -> resource://devtools/shared/sourcemap/source-map.js:1281:20
_fetchSourceMap/fetching<@resource://gre/modules/commonjs/toolkit/loader.js -> resource://devtools/server/actors/utils/TabSources.js:458:19
process@resource://gre/modules/Promise.jsm -> resource://gre/modules/Promise-backend.js:922:23
walkerLoop@resource://gre/modules/Promise.jsm -> resource://gre/modules/Promise-backend.js:806:7
scheduleWalkerLoop/<@resource://gre/modules/Promise.jsm -> resource://gre/modules/Promise-backend.js:742:11
Line: 1281, column: 20
console.error: 
  TabSources.prototype._fetchSourceMap threw an exception: SyntaxError: JSON.parse: unexpected character at line 1 column 1 of the JSON data
Stack: SourceMapConsumer@resource://gre/modules/commonjs/toolkit/loader.js -> resource://devtools/shared/sourcemap/source-map.js:1281:20
_fetchSourceMap/fetching<@resource://gre/modules/commonjs/toolkit/loader.js -> resource://devtools/server/actors/utils/TabSources.js:458:19
process@resource://gre/modules/Promise.jsm -> resource://gre/modules/Promise-backend.js:922:23
walkerLoop@resource://gre/modules/Promise.jsm -> resource://gre/modules/Promise-backend.js:806:7
scheduleWalkerLoop/<@resource://gre/modules/Promise.jsm -> resource://gre/modules/Promise-backend.js:742:11
Line: 1281, column: 20
TabSources.prototype._fetchSourceMap threw an exception: SyntaxError: JSON.parse: unexpected character at line 1 column 1 of the JSON data
Stack: SourceMapConsumer@resource://gre/modules/commonjs/toolkit/loader.js -> resource://devtools/shared/sourcemap/source-map.js:1281:20
_fetchSourceMap/fetching<@resource://gre/modules/commonjs/toolkit/loader.js -> resource://devtools/server/actors/utils/TabSources.js:458:19
process@resource://gre/modules/Promise.jsm -> resource://gre/modules/Promise-backend.js:922:23
walkerLoop@resource://gre/modules/Promise.jsm -> resource://gre/modules/Promise-backend.js:806:7
scheduleWalkerLoop/<@resource://gre/modules/Promise.jsm -> resource://gre/modules/Promise-backend.js:742:11
Line: 1281, column: 20
console.error: 
  TabSources.prototype._fetchSourceMap threw an exception: SyntaxError: JSON.parse: unexpected character at line 1 column 1 of the JSON data
Stack: SourceMapConsumer@resource://gre/modules/commonjs/toolkit/loader.js -> resource://devtools/shared/sourcemap/source-map.js:1281:20
_fetchSourceMap/fetching<@resource://gre/modules/commonjs/toolkit/loader.js -> resource://devtools/server/actors/utils/TabSources.js:458:19
process@resource://gre/modules/Promise.jsm -> resource://gre/modules/Promise-backend.js:922:23
walkerLoop@resource://gre/modules/Promise.jsm -> resource://gre/modules/Promise-backend.js:806:7
scheduleWalkerLoop/<@resource://gre/modules/Promise.jsm -> resource://gre/modules/Promise-backend.js:742:11
Line: 1281, column: 20
1497775750508	Marionette	INFO	Ceased listening
1497775764350	geckodriver	INFO	Listening on 127.0.0.1:42375
1497775764654	geckodriver::marionette	INFO	Starting browser /usr/bin/firefox with args ["-marionette"]
1497775770693	Marionette	INFO	Listening on port 37161
1497775771160	Marionette	WARN	TLS certificate errors will be ignored for this session
ATTENTION: default value of option force_s3tc_enable overridden by environment.
1497775983444	geckodriver	INFO	Listening on 127.0.0.1:53924
1497775983729	geckodriver::marionette	INFO	Starting browser /usr/bin/firefox with args ["-marionette"]
1497775990165	Marionette	INFO	Listening on port 45254
1497775990395	Marionette	WARN	TLS certificate errors will be ignored for this session
ATTENTION: default value of option force_s3tc_enable overridden by environment.
1497776005223	geckodriver	INFO	Listening on 127.0.0.1:49092
1497776006551	geckodriver::marionette	INFO	Starting browser /usr/bin/firefox with args ["-marionette"]
1497776012652	Marionette	INFO	Listening on port 35081
1497776013196	Marionette	WARN	TLS certificate errors will be ignored for this session
ATTENTION: default value of option force_s3tc_enable overridden by environment.
*************************
A coding exception was thrown and uncaught in a Task.

Full message: TypeError: NetworkError when attempting to fetch resource.
Full stack: 
*************************
*************************
A coding exception was thrown and uncaught in a Task.

Full message: TypeError: NetworkError when attempting to fetch resource.
Full stack: 
*************************
1497776571169	Marionette	INFO	Ceased listening
1497776573822	Marionette	INFO	Ceased listening
1497776645596	geckodriver	INFO	Listening on 127.0.0.1:36027
1497776645848	geckodriver::marionette	INFO	Starting browser /usr/bin/firefox with args ["-marionette"]
1497776651907	Marionette	INFO	Listening on port 34534
1497776652567	Marionette	WARN	TLS certificate errors will be ignored for this session
ATTENTION: default value of option force_s3tc_enable overridden by environment.
1497776814008	geckodriver	INFO	Listening on 127.0.0.1:49097
1497776814317	geckodriver::marionette	INFO	Starting browser /usr/bin/firefox with args ["-marionette"]
1497776820671	Marionette	INFO	Listening on port 38724
1497776821007	Marionette	WARN	TLS certificate errors will be ignored for this session
ATTENTION: default value of option force_s3tc_enable overridden by environment.
1497776855123	geckodriver	INFO	Listening on 127.0.0.1:35369
1497776855435	geckodriver::marionette	INFO	Starting browser /usr/bin/firefox with args ["-marionette"]
1497776861203	Marionette	INFO	Listening on port 46800
1497776861744	Marionette	WARN	TLS certificate errors will be ignored for this session
ATTENTION: default value of option force_s3tc_enable overridden by environment.
1497777108597	geckodriver	INFO	Listening on 127.0.0.1:39976
1497777108884	geckodriver::marionette	INFO	Starting browser /usr/bin/firefox with args ["-marionette"]
1497777114875	Marionette	INFO	Listening on port 41418
1497777115425	Marionette	WARN	TLS certificate errors will be ignored for this session
ATTENTION: default value of option force_s3tc_enable overridden by environment.
1497777254893	geckodriver	INFO	Listening on 127.0.0.1:44315
1497777255147	geckodriver::marionette	INFO	Starting browser /usr/bin/firefox with args ["-marionette"]
1497777261192	Marionette	INFO	Listening on port 46563
1497777261810	Marionette	WARN	TLS certificate errors will be ignored for this session
ATTENTION: default value of option force_s3tc_enable overridden by environment.
1497777300820	geckodriver	INFO	Listening on 127.0.0.1:54623
1497777301072	geckodriver::marionette	INFO	Starting browser /usr/bin/firefox with args ["-marionette"]
1497777307026	Marionette	INFO	Listening on port 39918
1497777307602	Marionette	WARN	TLS certificate errors will be ignored for this session
ATTENTION: default value of option force_s3tc_enable overridden by environment.
1497777327996	geckodriver	INFO	Listening on 127.0.0.1:47785
1497777329266	geckodriver::marionette	INFO	Starting browser /usr/bin/firefox with args ["-marionette"]
1497777336127	Marionette	INFO	Listening on port 35503
1497777336228	Marionette	WARN	TLS certificate errors will be ignored for this session
ATTENTION: default value of option force_s3tc_enable overridden by environment.
*************************
A coding exception was thrown and uncaught in a Task.

Full message: TypeError: NetworkError when attempting to fetch resource.
Full stack: 
*************************
JavaScript error: resource://gre/modules/commonjs/toolkit/loader.js -> resource://devtools/server/actors/highlighters/box-model.js, line 403: TypeError: quads is undefined
1497777930351	geckodriver	INFO	Listening on 127.0.0.1:43378
1497777930606	geckodriver::marionette	INFO	Starting browser /usr/bin/firefox with args ["-marionette"]
1497777936699	Marionette	INFO	Listening on port 39508
1497777937267	Marionette	WARN	TLS certificate errors will be ignored for this session
ATTENTION: default value of option force_s3tc_enable overridden by environment.
1497778018780	geckodriver	INFO	Listening on 127.0.0.1:46149
1497778019100	geckodriver::marionette	INFO	Starting browser /usr/bin/firefox with args ["-marionette"]
1497778024834	Marionette	INFO	Listening on port 36164
1497778025619	Marionette	WARN	TLS certificate errors will be ignored for this session
ATTENTION: default value of option force_s3tc_enable overridden by environment.
TabSources.prototype._fetchSourceMap threw an exception: SyntaxError: JSON.parse: unexpected character at line 1 column 1 of the JSON data
Stack: SourceMapConsumer@resource://gre/modules/commonjs/toolkit/loader.js -> resource://devtools/shared/sourcemap/source-map.js:1281:20
_fetchSourceMap/fetching<@resource://gre/modules/commonjs/toolkit/loader.js -> resource://devtools/server/actors/utils/TabSources.js:458:19
process@resource://gre/modules/Promise.jsm -> resource://gre/modules/Promise-backend.js:922:23
walkerLoop@resource://gre/modules/Promise.jsm -> resource://gre/modules/Promise-backend.js:806:7
scheduleWalkerLoop/<@resource://gre/modules/Promise.jsm -> resource://gre/modules/Promise-backend.js:742:11
Line: 1281, column: 20
console.error: 
  TabSources.prototype._fetchSourceMap threw an exception: SyntaxError: JSON.parse: unexpected character at line 1 column 1 of the JSON data
Stack: SourceMapConsumer@resource://gre/modules/commonjs/toolkit/loader.js -> resource://devtools/shared/sourcemap/source-map.js:1281:20
_fetchSourceMap/fetching<@resource://gre/modules/commonjs/toolkit/loader.js -> resource://devtools/server/actors/utils/TabSources.js:458:19
process@resource://gre/modules/Promise.jsm -> resource://gre/modules/Promise-backend.js:922:23
walkerLoop@resource://gre/modules/Promise.jsm -> resource://gre/modules/Promise-backend.js:806:7
scheduleWalkerLoop/<@resource://gre/modules/Promise.jsm -> resource://gre/modules/Promise-backend.js:742:11
Line: 1281, column: 20
*************************
A coding exception was thrown and uncaught in a Task.

Full message: TypeError: NetworkError when attempting to fetch resource.
Full stack: 
*************************
JavaScript error: resource://gre/modules/commonjs/toolkit/loader.js -> resource://devtools/server/actors/highlighters/box-model.js, line 403: TypeError: quads is undefined
TabSources.prototype._fetchSourceMap threw an exception: SyntaxError: JSON.parse: unexpected character at line 1 column 1 of the JSON data
Stack: SourceMapConsumer@resource://gre/modules/commonjs/toolkit/loader.js -> resource://devtools/shared/sourcemap/source-map.js:1281:20
_fetchSourceMap/fetching<@resource://gre/modules/commonjs/toolkit/loader.js -> resource://devtools/server/actors/utils/TabSources.js:458:19
process@resource://gre/modules/Promise.jsm -> resource://gre/modules/Promise-backend.js:922:23
walkerLoop@resource://gre/modules/Promise.jsm -> resource://gre/modules/Promise-backend.js:806:7
scheduleWalkerLoop/<@resource://gre/modules/Promise.jsm -> resource://gre/modules/Promise-backend.js:742:11
Line: 1281, column: 20
console.error: 
  TabSources.prototype._fetchSourceMap threw an exception: SyntaxError: JSON.parse: unexpected character at line 1 column 1 of the JSON data
Stack: SourceMapConsumer@resource://gre/modules/commonjs/toolkit/loader.js -> resource://devtools/shared/sourcemap/source-map.js:1281:20
_fetchSourceMap/fetching<@resource://gre/modules/commonjs/toolkit/loader.js -> resource://devtools/server/actors/utils/TabSources.js:458:19
process@resource://gre/modules/Promise.jsm -> resource://gre/modules/Promise-backend.js:922:23
walkerLoop@resource://gre/modules/Promise.jsm -> resource://gre/modules/Promise-backend.js:806:7
scheduleWalkerLoop/<@resource://gre/modules/Promise.jsm -> resource://gre/modules/Promise-backend.js:742:11
Line: 1281, column: 20
1497778710995	geckodriver	INFO	Listening on 127.0.0.1:43398
1497778711293	geckodriver::marionette	INFO	Starting browser /usr/bin/firefox with args ["-marionette"]
1497778717478	Marionette	INFO	Listening on port 41186
1497778718106	Marionette	WARN	TLS certificate errors will be ignored for this session
ATTENTION: default value of option force_s3tc_enable overridden by environment.
1497778796596	geckodriver	INFO	Listening on 127.0.0.1:48055
1497778797875	geckodriver::marionette	INFO	Starting browser /usr/bin/firefox with args ["-marionette"]
1497778804082	Marionette	INFO	Listening on port 38998
1497778804688	Marionette	WARN	TLS certificate errors will be ignored for this session
ATTENTION: default value of option force_s3tc_enable overridden by environment.
1497781323659	geckodriver	INFO	Listening on 127.0.0.1:36315
1497781324920	geckodriver::marionette	INFO	Starting browser /usr/bin/firefox with args ["-marionette"]
1497781331867	Marionette	INFO	Listening on port 38008
1497781332605	Marionette	WARN	TLS certificate errors will be ignored for this session
1497781425629	geckodriver	INFO	Listening on 127.0.0.1:42206
1497781425906	geckodriver::marionette	INFO	Starting browser /usr/bin/firefox with args ["-marionette"]
1497781432384	Marionette	INFO	Listening on port 40617
1497781433012	Marionette	WARN	TLS certificate errors will be ignored for this session
1497781582312	geckodriver	INFO	Listening on 127.0.0.1:43569
1497781582614	geckodriver::marionette	INFO	Starting browser /usr/bin/firefox with args ["-marionette"]
1497781589061	Marionette	INFO	Listening on port 37281
1497781589648	Marionette	WARN	TLS certificate errors will be ignored for this session
1497781641682	geckodriver	INFO	Listening on 127.0.0.1:56024
1497781641957	geckodriver::marionette	INFO	Starting browser /usr/bin/firefox with args ["-marionette"]
1497781648202	Marionette	INFO	Listening on port 45986
1497781648684	Marionette	WARN	TLS certificate errors will be ignored for this session
1497781704634	geckodriver	INFO	Listening on 127.0.0.1:37441
1497781704901	geckodriver::marionette	INFO	Starting browser /usr/bin/firefox with args ["-marionette"]
1497781711299	Marionette	INFO	Listening on port 41146
1497781712211	Marionette	WARN	TLS certificate errors will be ignored for this session
1497781747733	geckodriver	INFO	Listening on 127.0.0.1:40792
1497781748001	geckodriver::marionette	INFO	Starting browser /usr/bin/firefox with args ["-marionette"]
1497781754075	Marionette	INFO	Listening on port 32848
1497781754516	Marionette	WARN	TLS certificate errors will be ignored for this session
1497781776363	geckodriver	INFO	Listening on 127.0.0.1:45786
1497781776676	geckodriver::marionette	INFO	Starting browser /usr/bin/firefox with args ["-marionette"]
1497781783326	Marionette	INFO	Listening on port 41072
1497781783813	Marionette	WARN	TLS certificate errors will be ignored for this session
1497781975346	geckodriver	INFO	Listening on 127.0.0.1:55414
1497781975628	geckodriver::marionette	INFO	Starting browser /usr/bin/firefox with args ["-marionette"]
1497781981963	Marionette	INFO	Listening on port 40993
1497781982486	Marionette	WARN	TLS certificate errors will be ignored for this session
1497782046551	geckodriver	INFO	Listening on 127.0.0.1:48668
1497782046864	geckodriver::marionette	INFO	Starting browser /usr/bin/firefox with args ["-marionette"]
1497782053263	Marionette	INFO	Listening on port 33024
1497782053756	Marionette	WARN	TLS certificate errors will be ignored for this session
1497782117968	geckodriver	INFO	Listening on 127.0.0.1:49154
1497782118246	geckodriver::marionette	INFO	Starting browser /usr/bin/firefox with args ["-marionette"]
1497782124082	Marionette	INFO	Listening on port 42191
1497782124736	Marionette	WARN	TLS certificate errors will be ignored for this session
1497782194710	geckodriver	INFO	Listening on 127.0.0.1:43436
1497782194985	geckodriver::marionette	INFO	Starting browser /usr/bin/firefox with args ["-marionette"]
1497782201381	Marionette	INFO	Listening on port 43343
1497782201949	Marionette	WARN	TLS certificate errors will be ignored for this session
1497782240831	geckodriver	INFO	Listening on 127.0.0.1:54200
1497782241093	geckodriver::marionette	INFO	Starting browser /usr/bin/firefox with args ["-marionette"]
1497782247259	Marionette	INFO	Listening on port 34038
1497782247752	Marionette	WARN	TLS certificate errors will be ignored for this session
1497782284662	geckodriver	INFO	Listening on 127.0.0.1:52511
1497782284973	geckodriver::marionette	INFO	Starting browser /usr/bin/firefox with args ["-marionette"]
1497782291311	Marionette	INFO	Listening on port 35038
1497782291838	Marionette	WARN	TLS certificate errors will be ignored for this session
1497782359547	geckodriver	INFO	Listening on 127.0.0.1:47456
1497782359818	geckodriver::marionette	INFO	Starting browser /usr/bin/firefox with args ["-marionette"]
1497782366487	Marionette	INFO	Listening on port 35635
1497782367072	Marionette	WARN	TLS certificate errors will be ignored for this session
1497782411152	geckodriver	INFO	Listening on 127.0.0.1:49344
1497782411418	geckodriver::marionette	INFO	Starting browser /usr/bin/firefox with args ["-marionette"]
1497782417623	Marionette	INFO	Listening on port 42541
1497782418112	Marionette	WARN	TLS certificate errors will be ignored for this session
ATTENTION: default value of option force_s3tc_enable overridden by environment.
1497782467732	geckodriver	INFO	Listening on 127.0.0.1:59044
1497782467994	geckodriver::marionette	INFO	Starting browser /usr/bin/firefox with args ["-marionette"]
1497782474303	Marionette	INFO	Listening on port 46035
1497782474947	Marionette	WARN	TLS certificate errors will be ignored for this session
1497782611029	geckodriver	INFO	Listening on 127.0.0.1:36372
1497782611287	geckodriver::marionette	INFO	Starting browser /usr/bin/firefox with args ["-marionette"]
1497782617452	Marionette	INFO	Listening on port 44323
1497782617988	Marionette	WARN	TLS certificate errors will be ignored for this session
1497782693124	geckodriver	INFO	Listening on 127.0.0.1:34750
1497782693391	geckodriver::marionette	INFO	Starting browser /usr/bin/firefox with args ["-marionette"]
1497782699267	Marionette	INFO	Listening on port 45855
1497782699875	Marionette	WARN	TLS certificate errors will be ignored for this session
1497782891855	geckodriver	INFO	Listening on 127.0.0.1:41349
1497782893140	geckodriver::marionette	INFO	Starting browser /usr/bin/firefox with args ["-marionette"]
1497782899047	Marionette	INFO	Listening on port 45335
1497782899907	Marionette	WARN	TLS certificate errors will be ignored for this session
1497782951108	geckodriver	INFO	Listening on 127.0.0.1:45903
1497782952378	geckodriver::marionette	INFO	Starting browser /usr/bin/firefox with args ["-marionette"]
1497782958887	Marionette	INFO	Listening on port 36174
1497782959782	Marionette	WARN	TLS certificate errors will be ignored for this session
*************************
A coding exception was thrown and uncaught in a Task.

Full message: TypeError: NetworkError when attempting to fetch resource.
Full stack: 
*************************
1497783684861	geckodriver	INFO	Listening on 127.0.0.1:53680
1497783685124	geckodriver::marionette	INFO	Starting browser /usr/bin/firefox with args ["-marionette"]
1497783691871	Marionette	INFO	Listening on port 36804
1497783692732	Marionette	WARN	TLS certificate errors will be ignored for this session
1497783779594	geckodriver	INFO	Listening on 127.0.0.1:48889
1497783779861	geckodriver::marionette	INFO	Starting browser /usr/bin/firefox with args ["-marionette"]
1497783785973	Marionette	INFO	Listening on port 38637
1497783786577	Marionette	WARN	TLS certificate errors will be ignored for this session
1497783820429	geckodriver	INFO	Listening on 127.0.0.1:57523
1497783820698	geckodriver::marionette	INFO	Starting browser /usr/bin/firefox with args ["-marionette"]
1497783827250	Marionette	INFO	Listening on port 39820
1497783827786	Marionette	WARN	TLS certificate errors will be ignored for this session
1497784175065	geckodriver	INFO	Listening on 127.0.0.1:44853
1497784175404	geckodriver::marionette	INFO	Starting browser /usr/bin/firefox with args ["-marionette"]
1497784181943	Marionette	INFO	Listening on port 38683
1497784182402	Marionette	WARN	TLS certificate errors will be ignored for this session
1497784211214	geckodriver	INFO	Listening on 127.0.0.1:42703
1497784211479	geckodriver::marionette	INFO	Starting browser /usr/bin/firefox with args ["-marionette"]
1497784217650	Marionette	INFO	Listening on port 39453
1497784218169	Marionette	WARN	TLS certificate errors will be ignored for this session
*************************
A coding exception was thrown and uncaught in a Task.

Full message: TypeError: NetworkError when attempting to fetch resource.
Full stack: 
*************************
1497784792124	Marionette	INFO	Ceased listening
1497784796131	geckodriver	INFO	Listening on 127.0.0.1:44170
1497784796416	geckodriver::marionette	INFO	Starting browser /usr/bin/firefox with args ["-marionette"]
1497784802410	Marionette	INFO	Listening on port 43170
1497784803005	Marionette	WARN	TLS certificate errors will be ignored for this session
JavaScript warning: https://r1.res.office365.com/owa/prem/16.1799.13.2326522/scripts/microsoft.o365.suiteserviceproxycommon.js, line 2: unreachable code after return statement
JavaScript warning: https://r1.res.office365.com/owa/prem/16.1799.13.2326522/scripts/microsoft.o365.suiteserviceproxycommon.js, line 2: unreachable code after return statement
1497784973730	geckodriver	INFO	Listening on 127.0.0.1:40670
1497784974010	geckodriver::marionette	INFO	Starting browser /usr/bin/firefox with args ["-marionette"]
1497784979967	Marionette	INFO	Listening on port 43006
1497784980442	Marionette	WARN	TLS certificate errors will be ignored for this session
*************************
A coding exception was thrown and uncaught in a Task.

Full message: TypeError: NetworkError when attempting to fetch resource.
Full stack: 
*************************
1497786381274	geckodriver	INFO	Listening on 127.0.0.1:46759
1497786381544	geckodriver::marionette	INFO	Starting browser /usr/bin/firefox with args ["-marionette"]
1497786387978	Marionette	INFO	Listening on port 33512
1497786388543	Marionette	WARN	TLS certificate errors will be ignored for this session
1497786456613	geckodriver	INFO	Listening on 127.0.0.1:58399
1497786456880	geckodriver::marionette	INFO	Starting browser /usr/bin/firefox with args ["-marionette"]
1497786463249	Marionette	INFO	Listening on port 42613
1497786463929	Marionette	WARN	TLS certificate errors will be ignored for this session
1497786565142	geckodriver	INFO	Listening on 127.0.0.1:51975
1497786565434	geckodriver::marionette	INFO	Starting browser /usr/bin/firefox with args ["-marionette"]
1497786571748	Marionette	INFO	Listening on port 38568
1497786572260	Marionette	WARN	TLS certificate errors will be ignored for this session
1497786720951	geckodriver	INFO	Listening on 127.0.0.1:47680
1497786721212	geckodriver::marionette	INFO	Starting browser /usr/bin/firefox with args ["-marionette"]
1497786728151	Marionette	INFO	Listening on port 35226
1497786728442	Marionette	WARN	TLS certificate errors will be ignored for this session
1497786906311	geckodriver	INFO	Listening on 127.0.0.1:36722
1497786906566	geckodriver::marionette	INFO	Starting browser /usr/bin/firefox with args ["-marionette"]
1497786912724	Marionette	INFO	Listening on port 32834
1497786913329	Marionette	WARN	TLS certificate errors will be ignored for this session
1497786942599	geckodriver	INFO	Listening on 127.0.0.1:51269
1497786943875	geckodriver::marionette	INFO	Starting browser /usr/bin/firefox with args ["-marionette"]
1497786949711	Marionette	INFO	Listening on port 35849
1497786950122	Marionette	WARN	TLS certificate errors will be ignored for this session
1497787040302	geckodriver	INFO	Listening on 127.0.0.1:52664
1497787041632	geckodriver::marionette	INFO	Starting browser /usr/bin/firefox with args ["-marionette"]
1497787049130	Marionette	INFO	Listening on port 34531
1497787049246	Marionette	WARN	TLS certificate errors will be ignored for this session
1497787140700	geckodriver	INFO	Listening on 127.0.0.1:43592
1497787141953	geckodriver::marionette	INFO	Starting browser /usr/bin/firefox with args ["-marionette"]
1497787147984	Marionette	INFO	Listening on port 35330
1497787148568	Marionette	WARN	TLS certificate errors will be ignored for this session
1497787169914	geckodriver	INFO	Listening on 127.0.0.1:44218
1497787170183	geckodriver::marionette	INFO	Starting browser /usr/bin/firefox with args ["-marionette"]
1497787177088	Marionette	INFO	Listening on port 36803
1497787177321	Marionette	WARN	TLS certificate errors will be ignored for this session
1497787229918	Marionette	INFO	Ceased listening
1497787233242	Marionette	INFO	Ceased listening
1497787236876	Marionette	INFO	Ceased listening
1497787256672	geckodriver	INFO	Listening on 127.0.0.1:36132
1497787256929	geckodriver::marionette	INFO	Starting browser /usr/bin/firefox with args ["-marionette"]
1497787263034	Marionette	INFO	Listening on port 44396
1497787263457	Marionette	WARN	TLS certificate errors will be ignored for this session
1497787498936	geckodriver	INFO	Listening on 127.0.0.1:37704
1497787499218	geckodriver::marionette	INFO	Starting browser /usr/bin/firefox with args ["-marionette"]
1497787505825	Marionette	INFO	Listening on port 33821
1497787506029	Marionette	WARN	TLS certificate errors will be ignored for this session
1497787764592	geckodriver	INFO	Listening on 127.0.0.1:43572
1497787764858	geckodriver::marionette	INFO	Starting browser /usr/bin/firefox with args ["-marionette"]
1497787770838	Marionette	INFO	Listening on port 40776
1497787771391	Marionette	WARN	TLS certificate errors will be ignored for this session
1497788134475	geckodriver	INFO	Listening on 127.0.0.1:54078
1497788134731	geckodriver::marionette	INFO	Starting browser /usr/bin/firefox with args ["-marionette"]
1497788140754	Marionette	INFO	Listening on port 33259
1497788141420	Marionette	WARN	TLS certificate errors will be ignored for this session
1497788325484	geckodriver	INFO	Listening on 127.0.0.1:33021
1497788325730	geckodriver::marionette	INFO	Starting browser /usr/bin/firefox with args ["-marionette"]
1497788331101	Marionette	INFO	Listening on port 42136
1497788331796	Marionette	WARN	TLS certificate errors will be ignored for this session
*************************
A coding exception was thrown and uncaught in a Task.

Full message: TypeError: NetworkError when attempting to fetch resource.
Full stack: 
*************************
1497789152013	geckodriver	INFO	Listening on 127.0.0.1:46993
1497789152288	geckodriver::marionette	INFO	Starting browser /usr/bin/firefox with args ["-marionette"]
1497789158634	Marionette	INFO	Listening on port 39963
1497789159455	Marionette	WARN	TLS certificate errors will be ignored for this session
1497789386078	geckodriver	INFO	Listening on 127.0.0.1:51917
1497789386340	geckodriver::marionette	INFO	Starting browser /usr/bin/firefox with args ["-marionette"]
1497789392301	Marionette	INFO	Listening on port 41488
1497789392894	Marionette	WARN	TLS certificate errors will be ignored for this session
1497789534565	geckodriver	INFO	Listening on 127.0.0.1:38626
1497789534819	geckodriver::marionette	INFO	Starting browser /usr/bin/firefox with args ["-marionette"]
1497789540953	Marionette	INFO	Listening on port 44603
1497789541583	Marionette	WARN	TLS certificate errors will be ignored for this session
1497790003914	geckodriver	INFO	Listening on 127.0.0.1:52056
1497790004187	geckodriver::marionette	INFO	Starting browser /usr/bin/firefox with args ["-marionette"]
1497790010105	Marionette	INFO	Listening on port 40599
1497790010774	Marionette	WARN	TLS certificate errors will be ignored for this session
1497790302321	geckodriver	INFO	Listening on 127.0.0.1:57094
1497790303607	geckodriver::marionette	INFO	Starting browser /usr/bin/firefox with args ["-marionette"]
1497790309668	Marionette	INFO	Listening on port 36581
1497790310192	Marionette	WARN	TLS certificate errors will be ignored for this session
*************************
A coding exception was thrown and uncaught in a Task.

Full message: TypeError: NetworkError when attempting to fetch resource.
Full stack: 
*************************
1497790579714	geckodriver	INFO	Listening on 127.0.0.1:52155
1497790579960	geckodriver::marionette	INFO	Starting browser /usr/bin/firefox with args ["-marionette"]
1497790584796	Marionette	INFO	Ceased listening
1497790586756	Marionette	INFO	Ceased listening
1497790586809	Marionette	INFO	Listening on port 42295
1497790587275	Marionette	WARN	TLS certificate errors will be ignored for this session
1497790718478	geckodriver	INFO	Listening on 127.0.0.1:35499
1497790718729	geckodriver::marionette	INFO	Starting browser /usr/bin/firefox with args ["-marionette"]
1497790725315	Marionette	INFO	Listening on port 43582
1497790725758	Marionette	WARN	TLS certificate errors will be ignored for this session
1497790793064	geckodriver	INFO	Listening on 127.0.0.1:58047
1497790793319	geckodriver::marionette	INFO	Starting browser /usr/bin/firefox with args ["-marionette"]
1497790800293	Marionette	INFO	Listening on port 33865
1497790800386	Marionette	WARN	TLS certificate errors will be ignored for this session
1497791227579	geckodriver	INFO	Listening on 127.0.0.1:39203
1497791227842	geckodriver::marionette	INFO	Starting browser /usr/bin/firefox with args ["-marionette"]
1497791234364	Marionette	INFO	Listening on port 35786
1497791235003	Marionette	WARN	TLS certificate errors will be ignored for this session
1497791284566	geckodriver	INFO	Listening on 127.0.0.1:33966
1497791285873	geckodriver::marionette	INFO	Starting browser /usr/bin/firefox with args ["-marionette"]
1497791292329	Marionette	INFO	Listening on port 33640
1497791292440	Marionette	WARN	TLS certificate errors will be ignored for this session
1497791387935	geckodriver	INFO	Listening on 127.0.0.1:42412
1497791388193	geckodriver::marionette	INFO	Starting browser /usr/bin/firefox with args ["-marionette"]
1497791395408	Marionette	INFO	Listening on port 42351
1497791395507	Marionette	WARN	TLS certificate errors will be ignored for this session
1497791581246	geckodriver	INFO	Listening on 127.0.0.1:45767
1497791581537	geckodriver::marionette	INFO	Starting browser /usr/bin/firefox with args ["-marionette"]
1497791587637	Marionette	INFO	Listening on port 41529
1497791588127	Marionette	WARN	TLS certificate errors will be ignored for this session
1497791640151	geckodriver	INFO	Listening on 127.0.0.1:32918
1497791640412	geckodriver::marionette	INFO	Starting browser /usr/bin/firefox with args ["-marionette"]
1497791646340	Marionette	INFO	Listening on port 39386
1497791646920	Marionette	WARN	TLS certificate errors will be ignored for this session
1497791759173	geckodriver	INFO	Listening on 127.0.0.1:41811
1497791759421	geckodriver::marionette	INFO	Starting browser /usr/bin/firefox with args ["-marionette"]
1497791765676	Marionette	INFO	Listening on port 34667
1497791766131	Marionette	WARN	TLS certificate errors will be ignored for this session
1497791789141	geckodriver	INFO	Listening on 127.0.0.1:44191
1497791790437	geckodriver::marionette	INFO	Starting browser /usr/bin/firefox with args ["-marionette"]
1497791797139	Marionette	INFO	Listening on port 39150
1497791797667	Marionette	WARN	TLS certificate errors will be ignored for this session
*************************
A coding exception was thrown and uncaught in a Task.

Full message: TypeError: NetworkError when attempting to fetch resource.
Full stack: 
*************************
*************************
A coding exception was thrown and uncaught in a Task.

Full message: TypeError: NetworkError when attempting to fetch resource.
Full stack: 
*************************
1497792425741	geckodriver	INFO	Listening on 127.0.0.1:33658
1497792426026	geckodriver::marionette	INFO	Starting browser /usr/bin/firefox with args ["-marionette"]
1497792432759	Marionette	INFO	Listening on port 38457
1497792434189	Marionette	WARN	TLS certificate errors will be ignored for this session
1497792453930	geckodriver	INFO	Listening on 127.0.0.1:50503
1497792455205	geckodriver::marionette	INFO	Starting browser /usr/bin/firefox with args ["-marionette"]
1497792462220	Marionette	INFO	Listening on port 46478
1497792462817	Marionette	WARN	TLS certificate errors will be ignored for this session
1497792496883	Marionette	INFO	Ceased listening
1497792593271	geckodriver	INFO	Listening on 127.0.0.1:43409
1497792593533	geckodriver::marionette	INFO	Starting browser /usr/bin/firefox with args ["-marionette"]
1497792599858	Marionette	INFO	Listening on port 40408
1497792600487	Marionette	WARN	TLS certificate errors will be ignored for this session
1497792619917	geckodriver	INFO	Listening on 127.0.0.1:47325
1497792621226	geckodriver::marionette	INFO	Starting browser /usr/bin/firefox with args ["-marionette"]
1497792628016	Marionette	INFO	Listening on port 39359
1497792628117	Marionette	WARN	TLS certificate errors will be ignored for this session
1497792689414	Marionette	INFO	Ceased listening
1497792691967	Marionette	INFO	Ceased listening
1497792698000	Marionette	INFO	Ceased listening
1497792699448	Marionette	INFO	Ceased listening
1497792726988	geckodriver	INFO	Listening on 127.0.0.1:45631
1497792727249	geckodriver::marionette	INFO	Starting browser /usr/bin/firefox with args ["-marionette"]
1497792733470	Marionette	INFO	Listening on port 41114
1497792734094	Marionette	WARN	TLS certificate errors will be ignored for this session
1497792993788	geckodriver	INFO	Listening on 127.0.0.1:47877
1497792994044	geckodriver::marionette	INFO	Starting browser /usr/bin/firefox with args ["-marionette"]
1497793000109	Marionette	INFO	Listening on port 36240
1497793000746	Marionette	WARN	TLS certificate errors will be ignored for this session
1497793026762	geckodriver	INFO	Listening on 127.0.0.1:34095
1497793028066	geckodriver::marionette	INFO	Starting browser /usr/bin/firefox with args ["-marionette"]
1497793034729	Marionette	INFO	Listening on port 44516
1497793035333	Marionette	WARN	TLS certificate errors will be ignored for this session
